<?xml version="1.0" encoding="UTF-8"?>
<testng-results skipped="0" failed="0" total="1" passed="1">
  <reporter-output>
  </reporter-output>
  <suite name="Default suite" duration-ms="34107" started-at="2016-02-23T01:42:55Z" finished-at="2016-02-23T01:43:30Z">
    <groups>
    </groups>
    <test name="Default test" duration-ms="34107" started-at="2016-02-23T01:42:55Z" finished-at="2016-02-23T01:43:30Z">
      <class name="com.selenium.login.testLogin">
        <test-method status="PASS" signature="beforeTest()[pri:0, instance:com.selenium.login.testLogin@48140564]" name="beforeTest" is-config="true" duration-ms="14752" started-at="2016-02-23T09:42:55Z" finished-at="2016-02-23T09:43:10Z">
          <reporter-output>
          </reporter-output>
        </test-method> <!-- beforeTest -->
        <test-method status="PASS" signature="f()[pri:0, instance:com.selenium.login.testLogin@48140564]" name="f" duration-ms="15821" started-at="2016-02-23T09:43:10Z" finished-at="2016-02-23T09:43:26Z">
          <reporter-output>
          </reporter-output>
        </test-method> <!-- f -->
        <test-method status="PASS" signature="afterTest()[pri:0, instance:com.selenium.login.testLogin@48140564]" name="afterTest" is-config="true" duration-ms="3520" started-at="2016-02-23T09:43:26Z" finished-at="2016-02-23T09:43:30Z">
          <reporter-output>
          </reporter-output>
        </test-method> <!-- afterTest -->
      </class> <!-- com.selenium.login.testLogin -->
    </test> <!-- Default test -->
  </suite> <!-- Default suite -->
</testng-results>
